-1.5
-encoding
UTF-8
-showWeaveInfo
-source
1.5
-verbose
-classpath
C:\Users\Alastair Calderwood\.m2\repository\antlr\antlr\2.7.7\antlr-2.7.7.jar;C:\Users\Alastair Calderwood\.m2\repository\aopalliance\aopalliance\1.0\aopalliance-1.0.jar;C:\Users\Alastair Calderwood\.m2\repository\ar\com\fdvs\DynamicJasper-core-fonts\1.0\DynamicJasper-core-fonts-1.0.jar;C:\Users\Alastair Calderwood\.m2\repository\asm\asm\3.3.1\asm-3.3.1.jar;C:\Users\Alastair Calderwood\.m2\repository\avalon-framework\avalon-framework\4.1.3\avalon-framework-4.1.3.jar;C:\Users\Alastair Calderwood\.m2\repository\batik\batik-awt-util\1.6-1\batik-awt-util-1.6-1.jar;C:\Users\Alastair Calderwood\.m2\repository\batik\batik-ext\1.6-1\batik-ext-1.6-1.jar;C:\Users\Alastair Calderwood\.m2\repository\batik\batik-gui-util\1.6-1\batik-gui-util-1.6-1.jar;C:\Users\Alastair Calderwood\.m2\repository\batik\batik-util\1.6-1\batik-util-1.6-1.jar;C:\Users\Alastair Calderwood\.m2\repository\bouncycastle\bcmail-jdk14\138\bcmail-jdk14-138.jar;C:\Users\Alastair Calderwood\.m2\repository\bouncycastle\bcprov-jdk14\138\bcprov-jdk14-138.jar;C:\Users\Alastair Calderwood\.m2\repository\cglib\cglib\2.2.2\cglib-2.2.2.jar;C:\Users\Alastair Calderwood\.m2\repository\com\fasterxml\jackson\core\jackson-annotations\2.0.5\jackson-annotations-2.0.5.jar;C:\Users\Alastair Calderwood\.m2\repository\com\fasterxml\jackson\core\jackson-core\2.0.5\jackson-core-2.0.5.jar;C:\Users\Alastair Calderwood\.m2\repository\com\fasterxml\jackson\core\jackson-databind\2.0.5\jackson-databind-2.0.5.jar;C:\Users\Alastair Calderwood\.m2\repository\com\google\code\gson\gson\2.1\gson-2.1.jar;C:\Users\Alastair Calderwood\.m2\repository\com\lowagie\itext\2.1.7.js1\itext-2.1.7.js1.jar;C:\Users\Alastair Calderwood\.m2\repository\commons-beanutils\commons-beanutils\1.8.3\commons-beanutils-1.8.3.jar;C:\Users\Alastair Calderwood\.m2\repository\commons-codec\commons-codec\1.3\commons-codec-1.3.jar;C:\Users\Alastair Calderwood\.m2\repository\commons-collections\commons-collections\3.2\commons-collections-3.2.jar;C:\Users\Alastair Calderwood\.m2\repository\commons-dbcp\commons-dbcp\1.4\commons-dbcp-1.4.jar;C:\Users\Alastair Calderwood\.m2\repository\commons-digester\commons-digester\1.8\commons-digester-1.8.jar;C:\Users\Alastair Calderwood\.m2\repository\commons-fileupload\commons-fileupload\1.2.1\commons-fileupload-1.2.1.jar;C:\Users\Alastair Calderwood\.m2\repository\commons-lang\commons-lang\2.4\commons-lang-2.4.jar;C:\Users\Alastair Calderwood\.m2\repository\commons-logging\commons-logging\1.1\commons-logging-1.1.jar;C:\Users\Alastair Calderwood\.m2\repository\commons-pool\commons-pool\1.5.4\commons-pool-1.5.4.jar;C:\Users\Alastair Calderwood\.m2\repository\commons-validator\commons-validator\1.3.1\commons-validator-1.3.1.jar;C:\Users\Alastair Calderwood\.m2\repository\dom4j\dom4j\1.6.1\dom4j-1.6.1.jar;C:\Users\Alastair Calderwood\.m2\repository\eclipse\jdtcore\3.1.0\jdtcore-3.1.0.jar;C:\Users\Alastair Calderwood\.m2\repository\javax\inject\javax.inject\1\javax.inject-1.jar;C:\Users\Alastair Calderwood\.m2\repository\javax\servlet\jstl\1.2\jstl-1.2.jar;C:\Users\Alastair Calderwood\.m2\repository\javax\servlet\servlet-api\2.4\servlet-api-2.4.jar;C:\Users\Alastair Calderwood\.m2\repository\javax\servlet\jsp\jsp-api\2.1\jsp-api-2.1.jar;C:\Users\Alastair Calderwood\.m2\repository\jfree\jcommon\1.0.15\jcommon-1.0.15.jar;C:\Users\Alastair Calderwood\.m2\repository\jfree\jfreechart\1.0.12\jfreechart-1.0.12.jar;C:\Users\Alastair Calderwood\.m2\repository\jstl\jstl\1.2\jstl-1.2.jar;C:\Users\Alastair Calderwood\.m2\repository\junit\junit\4.11\junit-4.11.jar;C:\Users\Alastair Calderwood\.m2\repository\junit\junit-dep\4.4\junit-dep-4.4.jar;C:\Users\Alastair Calderwood\.m2\repository\log4j\log4j\1.2.12\log4j-1.2.12.jar;C:\Users\Alastair Calderwood\.m2\repository\logkit\logkit\1.0.1\logkit-1.0.1.jar;C:\Users\Alastair Calderwood\.m2\repository\mysql\mysql-connector-java\5.0.8\mysql-connector-java-5.0.8.jar;C:\Users\Alastair Calderwood\.m2\repository\net\sf\ehcache\ehcache-core\2.4.3\ehcache-core-2.4.3.jar;C:\Users\Alastair Calderwood\.m2\repository\net\sf\jasperreports\jasperreports\5.0.0\jasperreports-5.0.0.jar;C:\Users\Alastair Calderwood\.m2\repository\opensymphony\clickstream\1.0.2\clickstream-1.0.2.jar;C:\Users\Alastair Calderwood\.m2\repository\opensymphony\sitemesh\2.4.2\sitemesh-2.4.2.jar;C:\Users\Alastair Calderwood\.m2\repository\org\apache\commons\commons-lang3\3.1\commons-lang3-3.1.jar;C:\Users\Alastair Calderwood\.m2\repository\org\apache\geronimo\specs\geronimo-stax-api_1.0_spec\1.0\geronimo-stax-api_1.0_spec-1.0.jar;C:\Users\Alastair Calderwood\.m2\repository\org\apache\myfaces\core\myfaces-api\2.1.10\myfaces-api-2.1.10.jar;C:\Users\Alastair Calderwood\.m2\repository\org\apache\myfaces\core\myfaces-impl\2.1.10\myfaces-impl-2.1.10.jar;C:\Users\Alastair Calderwood\.m2\repository\org\apache\myfaces\tomahawk\tomahawk20\1.1.14\tomahawk20-1.1.14.jar;C:\Users\Alastair Calderwood\.m2\repository\org\apache\poi\poi\3.7\poi-3.7.jar;C:\Users\Alastair Calderwood\.m2\repository\org\apache\poi\poi-ooxml\3.7\poi-ooxml-3.7.jar;C:\Users\Alastair Calderwood\.m2\repository\org\apache\poi\poi-ooxml-schemas\3.7\poi-ooxml-schemas-3.7.jar;C:\Users\Alastair Calderwood\.m2\repository\org\apache\shale\shale-test\1.0.4\shale-test-1.0.4.jar;C:\Users\Alastair Calderwood\.m2\repository\org\apache\xmlbeans\xmlbeans\2.3.0\xmlbeans-2.3.0.jar;C:\Users\Alastair Calderwood\.m2\repository\org\apache\xmlgraphics\batik-anim\1.7\batik-anim-1.7.jar;C:\Users\Alastair Calderwood\.m2\repository\org\apache\xmlgraphics\batik-awt-util\1.7\batik-awt-util-1.7.jar;C:\Users\Alastair Calderwood\.m2\repository\org\apache\xmlgraphics\batik-bridge\1.7\batik-bridge-1.7.jar;C:\Users\Alastair Calderwood\.m2\repository\org\apache\xmlgraphics\batik-css\1.7\batik-css-1.7.jar;C:\Users\Alastair Calderwood\.m2\repository\org\apache\xmlgraphics\batik-dom\1.7\batik-dom-1.7.jar;C:\Users\Alastair Calderwood\.m2\repository\org\apache\xmlgraphics\batik-ext\1.7\batik-ext-1.7.jar;C:\Users\Alastair Calderwood\.m2\repository\org\apache\xmlgraphics\batik-gvt\1.7\batik-gvt-1.7.jar;C:\Users\Alastair Calderwood\.m2\repository\org\apache\xmlgraphics\batik-js\1.7\batik-js-1.7.jar;C:\Users\Alastair Calderwood\.m2\repository\org\apache\xmlgraphics\batik-parser\1.7\batik-parser-1.7.jar;C:\Users\Alastair Calderwood\.m2\repository\org\apache\xmlgraphics\batik-script\1.7\batik-script-1.7.jar;C:\Users\Alastair Calderwood\.m2\repository\org\apache\xmlgraphics\batik-svg-dom\1.7\batik-svg-dom-1.7.jar;C:\Users\Alastair Calderwood\.m2\repository\org\apache\xmlgraphics\batik-util\1.7\batik-util-1.7.jar;C:\Users\Alastair Calderwood\.m2\repository\org\apache\xmlgraphics\batik-xml\1.7\batik-xml-1.7.jar;C:\Users\Alastair Calderwood\.m2\repository\org\aspectj\aspectjrt\1.6.7\aspectjrt-1.6.7.jar;C:\Users\Alastair Calderwood\.m2\repository\org\aspectj\aspectjtools\1.6.7\aspectjtools-1.6.7.jar;C:\Users\Alastair Calderwood\.m2\repository\org\bouncycastle\bcmail-jdk14\1.38\bcmail-jdk14-1.38.jar;C:\Users\Alastair Calderwood\.m2\repository\org\bouncycastle\bcprov-jdk14\1.38\bcprov-jdk14-1.38.jar;C:\Users\Alastair Calderwood\.m2\repository\org\bouncycastle\bctsp-jdk14\1.38\bctsp-jdk14-1.38.jar;C:\Users\Alastair Calderwood\.m2\repository\org\codehaus\castor\castor\1.2\castor-1.2.jar;C:\Users\Alastair Calderwood\.m2\repository\org\directwebremoting\dwr\3.0.M1\dwr-3.0.M1.jar;C:\Users\Alastair Calderwood\.m2\repository\org\hibernate\hibernate-core\4.1.7.Final\hibernate-core-4.1.7.Final.jar;C:\Users\Alastair Calderwood\.m2\repository\org\hibernate\hibernate-ehcache\4.1.7.Final\hibernate-ehcache-4.1.7.Final.jar;C:\Users\Alastair Calderwood\.m2\repository\org\hibernate\hibernate-entitymanager\4.1.7.Final\hibernate-entitymanager-4.1.7.Final.jar;C:\Users\Alastair Calderwood\.m2\repository\org\hibernate\common\hibernate-commons-annotations\4.0.1.Final\hibernate-commons-annotations-4.0.1.Final.jar;C:\Users\Alastair Calderwood\.m2\repository\org\hibernate\javax\persistence\hibernate-jpa-2.0-api\1.0.1.Final\hibernate-jpa-2.0-api-1.0.1.Final.jar;C:\Users\Alastair Calderwood\.m2\repository\org\javassist\javassist\3.15.0-GA\javassist-3.15.0-GA.jar;C:\Users\Alastair Calderwood\.m2\repository\org\jboss\logging\jboss-logging\3.1.0.GA\jboss-logging-3.1.0.GA.jar;C:\Users\Alastair Calderwood\.m2\repository\org\jboss\spec\javax\transaction\jboss-transaction-api_1.1_spec\1.0.0.Final\jboss-transaction-api_1.1_spec-1.0.0.Final.jar;C:\Users\Alastair Calderwood\.m2\repository\org\jmock\jmock\2.4.0\jmock-2.4.0.jar;C:\Users\Alastair Calderwood\.m2\repository\org\jmock\jmock-junit4\2.4.0\jmock-junit4-2.4.0.jar;C:\Users\Alastair Calderwood\.m2\repository\org\mortbay\jetty\cometd\6.1.4\cometd-6.1.4.jar;C:\Users\Alastair Calderwood\.m2\repository\org\mortbay\jetty\jetty-util\6.1.4\jetty-util-6.1.4.jar;C:\Users\Alastair Calderwood\.m2\repository\org\ocpsoft\common\common-api\1.0.5.Final\common-api-1.0.5.Final.jar;C:\Users\Alastair Calderwood\.m2\repository\org\ocpsoft\logging\logging-api\1.0.2.Final\logging-api-1.0.2.Final.jar;C:\Users\Alastair Calderwood\.m2\repository\org\ocpsoft\rewrite\rewrite-api\1.1.0.Final\rewrite-api-1.1.0.Final.jar;C:\Users\Alastair Calderwood\.m2\repository\org\ocpsoft\rewrite\rewrite-api-el\1.1.0.Final\rewrite-api-el-1.1.0.Final.jar;C:\Users\Alastair Calderwood\.m2\repository\org\ocpsoft\rewrite\rewrite-api-servlet\1.1.0.Final\rewrite-api-servlet-1.1.0.Final.jar;C:\Users\Alastair Calderwood\.m2\repository\org\ocpsoft\rewrite\rewrite-config-tuckey\1.1.0.Final\rewrite-config-tuckey-1.1.0.Final.jar;C:\Users\Alastair Calderwood\.m2\repository\org\ocpsoft\rewrite\rewrite-impl-config\1.1.0.Final\rewrite-impl-config-1.1.0.Final.jar;C:\Users\Alastair Calderwood\.m2\repository\org\ocpsoft\rewrite\rewrite-impl-servlet\1.1.0.Final\rewrite-impl-servlet-1.1.0.Final.jar;C:\Users\Alastair Calderwood\.m2\repository\org\primefaces\primefaces\3.3.1\primefaces-3.3.1.jar;C:\Users\Alastair Calderwood\.m2\repository\org\primefaces\extensions\primefaces-extensions\0.5.1\primefaces-extensions-0.5.1.jar;C:\Users\Alastair Calderwood\.m2\repository\org\slf4j\slf4j-api\1.6.1\slf4j-api-1.6.1.jar;C:\Users\Alastair Calderwood\.m2\repository\org\springframework\spring-aop\3.1.3.RELEASE\spring-aop-3.1.3.RELEASE.jar;C:\Users\Alastair Calderwood\.m2\repository\org\springframework\spring-asm\3.1.3.RELEASE\spring-asm-3.1.3.RELEASE.jar;C:\Users\Alastair Calderwood\.m2\repository\org\springframework\spring-aspects\3.1.3.RELEASE\spring-aspects-3.1.3.RELEASE.jar;C:\Users\Alastair Calderwood\.m2\repository\org\springframework\spring-beans\3.1.3.RELEASE\spring-beans-3.1.3.RELEASE.jar;C:\Users\Alastair Calderwood\.m2\repository\org\springframework\spring-context\3.1.3.RELEASE\spring-context-3.1.3.RELEASE.jar;C:\Users\Alastair Calderwood\.m2\repository\org\springframework\spring-context-support\3.1.3.RELEASE\spring-context-support-3.1.3.RELEASE.jar;C:\Users\Alastair Calderwood\.m2\repository\org\springframework\spring-core\3.1.3.RELEASE\spring-core-3.1.3.RELEASE.jar;C:\Users\Alastair Calderwood\.m2\repository\org\springframework\spring-expression\3.1.3.RELEASE\spring-expression-3.1.3.RELEASE.jar;C:\Users\Alastair Calderwood\.m2\repository\org\springframework\spring-jdbc\3.0.7.RELEASE\spring-jdbc-3.0.7.RELEASE.jar;C:\Users\Alastair Calderwood\.m2\repository\org\springframework\spring-orm\3.1.3.RELEASE\spring-orm-3.1.3.RELEASE.jar;C:\Users\Alastair Calderwood\.m2\repository\org\springframework\spring-test\3.1.3.RELEASE\spring-test-3.1.3.RELEASE.jar;C:\Users\Alastair Calderwood\.m2\repository\org\springframework\spring-tx\3.0.7.RELEASE\spring-tx-3.0.7.RELEASE.jar;C:\Users\Alastair Calderwood\.m2\repository\org\springframework\spring-web\3.1.3.RELEASE\spring-web-3.1.3.RELEASE.jar;C:\Users\Alastair Calderwood\.m2\repository\org\springframework\security\spring-security-core\3.1.3.RELEASE\spring-security-core-3.1.3.RELEASE.jar;C:\Users\Alastair Calderwood\.m2\repository\org\springframework\security\spring-security-web\3.1.3.RELEASE\spring-security-web-3.1.3.RELEASE.jar;C:\Users\Alastair Calderwood\.m2\repository\org\subethamail\subethasmtp-wiser\1.2\subethasmtp-wiser-1.2.jar;C:\Users\Alastair Calderwood\.m2\repository\oro\oro\2.0.8\oro-2.0.8.jar;C:\Users\Alastair Calderwood\.m2\repository\stax\stax-api\1.0.1\stax-api-1.0.1.jar;C:\Users\Alastair Calderwood\.m2\repository\struts-menu\struts-menu\2.4.3\struts-menu-2.4.3.jar;C:\Users\Alastair Calderwood\.m2\repository\tomcat\tomcat-naming\common\tomcat-naming-common.jar;C:\Users\Alastair Calderwood\.m2\repository\velocity\velocity\1.4\velocity-1.4.jar;C:\Users\Alastair Calderwood\.m2\repository\velocity-tools\velocity-tools-view\1.0\velocity-tools-view-1.0.jar;C:\Users\Alastair Calderwood\.m2\repository\xalan\xalan\2.6.0\xalan-2.6.0.jar;C:\Users\Alastair Calderwood\.m2\repository\xerces\xerces\1.2.3\xerces-1.2.3.jar;C:\Users\Alastair Calderwood\.m2\repository\xml-apis\xml-apis\1.3.04\xml-apis-1.3.04.jar;C:\Users\Alastair Calderwood\.m2\repository\xml-apis\xml-apis-ext\1.3.04\xml-apis-ext-1.3.04.jar;C:\Users\Alastair Calderwood\.m2\repository\xml-apis\xmlParserAPIs\2.0.2\xmlParserAPIs-2.0.2.jar;C:\Users\Alastair Calderwood\Documents\NetBeansProjects\reichel\target\classes
-aspectpath
C:\Users\Alastair Calderwood\.m2\repository\org\springframework\spring-aspects\3.1.3.RELEASE\spring-aspects-3.1.3.RELEASE.jar
-d
C:\Users\Alastair Calderwood\Documents\NetBeansProjects\reichel\target\classes
C:\Users\Alastair Calderwood\Documents\NetBeansProjects\reichel\src\main\java\de\reichel\dao\impl\TeileDAOImpl.java
C:\Users\Alastair Calderwood\Documents\NetBeansProjects\reichel\src\main\java\de\reichel\bean\KundenSearch.java
C:\Users\Alastair Calderwood\Documents\NetBeansProjects\reichel\src\main\java\de\reichel\domain\model\Firmen.java
C:\Users\Alastair Calderwood\Documents\NetBeansProjects\reichel\src\main\java\de\reichel\domain\model\History.java
C:\Users\Alastair Calderwood\Documents\NetBeansProjects\reichel\src\main\java\de\reichel\domain\model\UvvMangel.java
C:\Users\Alastair Calderwood\Documents\NetBeansProjects\reichel\src\main\java\de\reichel\domain\model\RechnungenTe.java
C:\Users\Alastair Calderwood\Documents\NetBeansProjects\reichel\src\main\java\de\reichel\bean\TeileBean.java
C:\Users\Alastair Calderwood\Documents\NetBeansProjects\reichel\src\main\java\de\reichel\domain\model\Uvv.java
C:\Users\Alastair Calderwood\Documents\NetBeansProjects\reichel\src\main\java\de\reichel\domain\model\AnlagenArt.java
C:\Users\Alastair Calderwood\Documents\NetBeansProjects\reichel\src\main\java\de\reichel\bean\TeileSearch.java
C:\Users\Alastair Calderwood\Documents\NetBeansProjects\reichel\src\main\java\de\reichel\bean\KundenBean.java
C:\Users\Alastair Calderwood\Documents\NetBeansProjects\reichel\src\main\java\de\reichel\domain\model\Betreiber.java
C:\Users\Alastair Calderwood\Documents\NetBeansProjects\reichel\src\main\java\de\reichel\dao\TeileDAO.java
C:\Users\Alastair Calderwood\Documents\NetBeansProjects\reichel\src\main\java\de\reichel\bean\EntsorgerEdit.java
C:\Users\Alastair Calderwood\Documents\NetBeansProjects\reichel\src\main\java\de\reichel\domain\model\Techniker.java
C:\Users\Alastair Calderwood\Documents\NetBeansProjects\reichel\src\main\java\de\reichel\report\RepairReportBean.java
C:\Users\Alastair Calderwood\Documents\NetBeansProjects\reichel\src\main\java\de\reichel\dao\BetreiberDAO.java
C:\Users\Alastair Calderwood\Documents\NetBeansProjects\reichel\src\main\java\de\reichel\domain\model\Kunden.java
C:\Users\Alastair Calderwood\Documents\NetBeansProjects\reichel\src\main\java\de\reichel\bean\BetreiberEdit.java
C:\Users\Alastair Calderwood\Documents\NetBeansProjects\reichel\src\main\java\de\reichel\domain\model\RepairTeile.java
C:\Users\Alastair Calderwood\Documents\NetBeansProjects\reichel\src\main\java\de\reichel\bean\EntsorgerView.java
C:\Users\Alastair Calderwood\Documents\NetBeansProjects\reichel\src\main\java\de\reichel\dao\impl\KundenDAOImpl.java
C:\Users\Alastair Calderwood\Documents\NetBeansProjects\reichel\src\main\java\de\reichel\bean\EntsorgerSearch.java
C:\Users\Alastair Calderwood\Documents\NetBeansProjects\reichel\src\main\java\de\reichel\bean\AnlageView.java
C:\Users\Alastair Calderwood\Documents\NetBeansProjects\reichel\src\main\java\de\reichel\bean\StandorteEdit.java
C:\Users\Alastair Calderwood\Documents\NetBeansProjects\reichel\src\main\java\de\reichel\bean\TeileEdit.java
C:\Users\Alastair Calderwood\Documents\NetBeansProjects\reichel\src\main\java\de\reichel\bean\EntsorgerNew.java
C:\Users\Alastair Calderwood\Documents\NetBeansProjects\reichel\src\main\java\de\reichel\domain\model\Anlagen.java
C:\Users\Alastair Calderwood\Documents\NetBeansProjects\reichel\src\main\java\de\reichel\bean\BetreiberNew.java
C:\Users\Alastair Calderwood\Documents\NetBeansProjects\reichel\src\main\java\de\reichel\dao\impl\ReparaturDAOImpl.java
C:\Users\Alastair Calderwood\Documents\NetBeansProjects\reichel\src\main\java\de\reichel\domain\model\TechnikerEinsatz.java
C:\Users\Alastair Calderwood\Documents\NetBeansProjects\reichel\src\main\java\de\reichel\domain\model\Teile.java
C:\Users\Alastair Calderwood\Documents\NetBeansProjects\reichel\src\main\java\de\reichel\domain\model\Repair.java
C:\Users\Alastair Calderwood\Documents\NetBeansProjects\reichel\src\main\java\de\reichel\domain\model\Email.java
C:\Users\Alastair Calderwood\Documents\NetBeansProjects\reichel\src\main\java\de\reichel\bean\StandorteView.java
C:\Users\Alastair Calderwood\Documents\NetBeansProjects\reichel\src\main\java\de\reichel\dao\EntsorgerDAO.java
C:\Users\Alastair Calderwood\Documents\NetBeansProjects\reichel\src\main\java\de\reichel\bean\AnlageNew.java
C:\Users\Alastair Calderwood\Documents\NetBeansProjects\reichel\src\main\java\de\reichel\bean\BetreiberSearch.java
C:\Users\Alastair Calderwood\Documents\NetBeansProjects\reichel\src\main\java\de\reichel\bean\UvvBean.java
C:\Users\Alastair Calderwood\Documents\NetBeansProjects\reichel\src\main\java\de\reichel\bean\AnlageBean.java
C:\Users\Alastair Calderwood\Documents\NetBeansProjects\reichel\src\main\java\de\reichel\bean\AnlageSearch.java
C:\Users\Alastair Calderwood\Documents\NetBeansProjects\reichel\src\main\java\de\reichel\domain\model\UvvPunkte.java
C:\Users\Alastair Calderwood\Documents\NetBeansProjects\reichel\src\main\java\de\reichel\dao\UvvDAO.java
C:\Users\Alastair Calderwood\Documents\NetBeansProjects\reichel\src\main\java\de\reichel\StartupListener.java
C:\Users\Alastair Calderwood\Documents\NetBeansProjects\reichel\src\main\java\de\reichel\bean\KundenNew.java
C:\Users\Alastair Calderwood\Documents\NetBeansProjects\reichel\src\main\java\NewClass.java
C:\Users\Alastair Calderwood\Documents\NetBeansProjects\reichel\src\main\java\de\reichel\bean\TeileView.java
C:\Users\Alastair Calderwood\Documents\NetBeansProjects\reichel\src\main\java\de\reichel\dao\impl\EntsorgerDAOImpl.java
C:\Users\Alastair Calderwood\Documents\NetBeansProjects\reichel\src\main\java\de\reichel\bean\KundenView.java
C:\Users\Alastair Calderwood\Documents\NetBeansProjects\reichel\src\main\java\de\reichel\domain\model\UvvPunkteGruppen.java
C:\Users\Alastair Calderwood\Documents\NetBeansProjects\reichel\src\main\java\de\reichel\domain\model\RechnungspositionenTe.java
C:\Users\Alastair Calderwood\Documents\NetBeansProjects\reichel\src\main\java\de\reichel\bean\TeileNew.java
C:\Users\Alastair Calderwood\Documents\NetBeansProjects\reichel\src\main\java\de\reichel\domain\model\TeileGruppen.java
C:\Users\Alastair Calderwood\Documents\NetBeansProjects\reichel\src\main\java\de\reichel\bean\BetreiberBean.java
C:\Users\Alastair Calderwood\Documents\NetBeansProjects\reichel\src\main\java\de\reichel\domain\model\AnlagenHersteller.java
C:\Users\Alastair Calderwood\Documents\NetBeansProjects\reichel\src\main\java\de\reichel\domain\model\UvvArt.java
C:\Users\Alastair Calderwood\Documents\NetBeansProjects\reichel\src\main\java\de\reichel\domain\model\Fraktionen.java
C:\Users\Alastair Calderwood\Documents\NetBeansProjects\reichel\src\main\java\de\reichel\domain\model\GsmSysteme.java
C:\Users\Alastair Calderwood\Documents\NetBeansProjects\reichel\src\main\java\de\reichel\bean\RepairEdit.java
C:\Users\Alastair Calderwood\Documents\NetBeansProjects\reichel\src\main\java\de\reichel\domain\model\Sub.java
C:\Users\Alastair Calderwood\Documents\NetBeansProjects\reichel\src\main\java\de\reichel\dao\impl\StandorteDAOImpl.java
C:\Users\Alastair Calderwood\Documents\NetBeansProjects\reichel\src\main\java\de\reichel\dao\StandorteDAO.java
C:\Users\Alastair Calderwood\Documents\NetBeansProjects\reichel\src\main\java\de\reichel\bean\EntsorgerBean.java
C:\Users\Alastair Calderwood\Documents\NetBeansProjects\reichel\src\main\java\de\reichel\dao\impl\BetreiberDAOImpl.java
C:\Users\Alastair Calderwood\Documents\NetBeansProjects\reichel\src\main\java\de\reichel\domain\model\Kfz.java
C:\Users\Alastair Calderwood\Documents\NetBeansProjects\reichel\src\main\java\de\reichel\domain\model\TeileGruppe.java
C:\Users\Alastair Calderwood\Documents\NetBeansProjects\reichel\src\main\java\de\reichel\bean\RepairBean.java
C:\Users\Alastair Calderwood\Documents\NetBeansProjects\reichel\src\main\java\de\reichel\bean\AnlageEdit.java
C:\Users\Alastair Calderwood\Documents\NetBeansProjects\reichel\src\main\java\de\reichel\dao\KundenDAO.java
C:\Users\Alastair Calderwood\Documents\NetBeansProjects\reichel\src\main\java\de\reichel\util\UserManager.java
C:\Users\Alastair Calderwood\Documents\NetBeansProjects\reichel\src\main\java\de\reichel\bean\RepairSearch.java
C:\Users\Alastair Calderwood\Documents\NetBeansProjects\reichel\src\main\java\de\reichel\domain\model\Mailuser.java
C:\Users\Alastair Calderwood\Documents\NetBeansProjects\reichel\src\main\java\de\reichel\domain\model\Saetze.java
C:\Users\Alastair Calderwood\Documents\NetBeansProjects\reichel\src\main\java\de\reichel\util\Utils.java
C:\Users\Alastair Calderwood\Documents\NetBeansProjects\reichel\src\main\java\de\reichel\bean\BetreiberView.java
C:\Users\Alastair Calderwood\Documents\NetBeansProjects\reichel\src\main\java\de\reichel\domain\model\AnlagenStandorte.java
C:\Users\Alastair Calderwood\Documents\NetBeansProjects\reichel\src\main\java\de\reichel\dao\impl\UvvDAOImpl.java
C:\Users\Alastair Calderwood\Documents\NetBeansProjects\reichel\src\main\java\de\reichel\dao\ReparaturDAO.java
C:\Users\Alastair Calderwood\Documents\NetBeansProjects\reichel\src\main\java\de\reichel\bean\StandorteBean.java
C:\Users\Alastair Calderwood\Documents\NetBeansProjects\reichel\src\main\java\de\reichel\domain\model\Standorte.java
C:\Users\Alastair Calderwood\Documents\NetBeansProjects\reichel\src\main\java\de\reichel\util\ViewScope.java
C:\Users\Alastair Calderwood\Documents\NetBeansProjects\reichel\src\main\java\de\reichel\dao\AnlagenDAO.java
C:\Users\Alastair Calderwood\Documents\NetBeansProjects\reichel\src\main\java\de\reichel\bean\StandorteSearch.java
C:\Users\Alastair Calderwood\Documents\NetBeansProjects\reichel\src\main\java\de\reichel\domain\model\UserTable.java
C:\Users\Alastair Calderwood\Documents\NetBeansProjects\reichel\src\main\java\de\reichel\bean\StandorteNew.java
C:\Users\Alastair Calderwood\Documents\NetBeansProjects\reichel\src\main\java\de\reichel\report\InvoiceItem.java
C:\Users\Alastair Calderwood\Documents\NetBeansProjects\reichel\src\main\java\de\reichel\bean\KundenEdit.java
C:\Users\Alastair Calderwood\Documents\NetBeansProjects\reichel\src\main\java\de\reichel\bean\RepairNew.java
C:\Users\Alastair Calderwood\Documents\NetBeansProjects\reichel\src\main\java\de\reichel\domain\model\Entsorger.java
C:\Users\Alastair Calderwood\Documents\NetBeansProjects\reichel\src\main\java\de\reichel\dao\impl\AnlagenDAOImpl.java
